<?xml version="1.0" encoding="UTF-8"?>
<!-- Generated by org.testng.reporters.JUnitReportReporter -->
<testsuite hostname="SarthakDell" failures="0" tests="2" name="com.day13.TestNG_Assertions.Assertion_Hard_Soft_Registration_TN" time="18.967" errors="0" timestamp="2023-08-20T20:11:23 GMT-04:00" skipped="0">
  <testcase classname="com.day13.TestNG_Assertions.Assertion_Hard_Soft_Registration_TN" name="verifyRegisterTestByFillingAllDetails" time="9.611"/>
  <testcase classname="com.day13.TestNG_Assertions.Assertion_Hard_Soft_Registration_TN" name="verifyRegisterTestWithoutFillingAnyDetails" time="9.356"/>
</testsuite> <!-- com.day13.TestNG_Assertions.Assertion_Hard_Soft_Registration_TN -->
