<?xml version="1.0" encoding="UTF-8"?>
<!-- Generated by org.testng.reporters.JUnitReportReporter -->
<testsuite hostname="SarthakDell" failures="0" tests="1" name="com.day13.TestNG_Assertions.Assert_Hard" time="0.028" errors="0" timestamp="2023-08-20T19:24:17 GMT-04:00" skipped="0">
  <testcase classname="com.day13.TestNG_Assertions.Assert_Hard" name="testingSoftAssert" time="0.028"/>
</testsuite> <!-- com.day13.TestNG_Assertions.Assert_Hard -->
