<?xml version="1.0" encoding="UTF-8"?>
<!-- Generated by org.testng.reporters.JUnitReportReporter -->
<testsuite hostname="SarthakDell" failures="0" tests="1" name="com.day11.TestNG_Part2.Rediff_Parameterization" time="11.689" errors="0" timestamp="2023-08-20T20:23:12 GMT-04:00" skipped="0">
  <testcase classname="com.day11.TestNG_Part2.Rediff_Parameterization" name="rediffParameterizationTest" time="11.689"/>
</testsuite> <!-- com.day11.TestNG_Part2.Rediff_Parameterization -->
