<?xml version="1.0" encoding="UTF-8"?>
<!-- Generated by org.testng.reporters.JUnitReportReporter -->
<testsuite hostname="SarthakDell" failures="0" tests="5" name="applying_DateConcept_In_Automation.RegisterTest" time="47.292" errors="0" timestamp="2023-08-27T18:19:40 GMT-04:00" skipped="0">
  <testcase classname="applying_DateConcept_In_Automation.RegisterTest" name="verifyRegisterTest" time="8.162"/>
  <testcase classname="applying_DateConcept_In_Automation.RegisterTest" name="verifyRegisterTest" time="10.659"/>
  <testcase classname="applying_DateConcept_In_Automation.RegisterTest" name="verifyRegisterTest" time="8.923"/>
  <testcase classname="applying_DateConcept_In_Automation.RegisterTest" name="verifyRegisterTest" time="10.461"/>
  <testcase classname="applying_DateConcept_In_Automation.RegisterTest" name="verifyRegisterTest" time="9.087"/>
</testsuite> <!-- applying_DateConcept_In_Automation.RegisterTest -->
