<?xml version="1.0" encoding="UTF-8"?>
<!-- Generated by org.testng.reporters.JUnitReportReporter -->
<testsuite hostname="SarthakDell" failures="0" tests="1" name="com.automation.MultipleWebElements.Video2_Flipkart" time="10.319" errors="0" timestamp="2023-08-31T20:15:29 GMT-04:00" skipped="0">
  <testcase classname="com.automation.MultipleWebElements.Video2_Flipkart" name="flipKart" time="10.319"/>
</testsuite> <!-- com.automation.MultipleWebElements.Video2_Flipkart -->
