<?xml version="1.0" encoding="UTF-8"?>
<!-- Generated by org.testng.reporters.JUnitReportReporter -->
<testsuite hostname="SarthakDell" failures="0" tests="1" name="com.automation.WebTables.RediffWebTable" time="12.900" errors="0" timestamp="2023-09-07T21:29:14 GMT-04:00" skipped="0">
  <testcase classname="com.automation.WebTables.RediffWebTable" name="assignment4" time="12.900"/>
</testsuite> <!-- com.automation.WebTables.RediffWebTable -->
