<?xml version="1.0" encoding="UTF-8"?>
<!-- Generated by org.testng.reporters.JUnitReportReporter -->
<testsuite hostname="SarthakDell" failures="0" tests="3" name="com.day12.applying_OOP_Automation.SearchProductTest" time="24.745" errors="0" timestamp="2023-08-17T21:08:21 GMT-04:00" skipped="0">
  <testcase classname="com.day12.applying_OOP_Automation.SearchProductTest" name="verifySearchWithValidProduct" time="9.189"/>
  <testcase classname="com.day12.applying_OOP_Automation.SearchProductTest" name="verifySearchWithInvalidProduct" time="6.350"/>
  <testcase classname="com.day12.applying_OOP_Automation.SearchProductTest" name="verifySearchWithNoProduct" time="9.206"/>
</testsuite> <!-- com.day12.applying_OOP_Automation.SearchProductTest -->
