<?xml version="1.0" encoding="UTF-8"?>
<!-- Generated by org.testng.reporters.JUnitReportReporter -->
<testsuite hostname="SarthakDell" failures="0" tests="1" name="wait_concepts_in_Selenium.TypesOfWaits" time="9.499" errors="0" timestamp="2023-08-10T21:14:27 GMT-04:00" skipped="0">
  <testcase classname="wait_concepts_in_Selenium.TypesOfWaits" name="login" time="9.499"/>
</testsuite> <!-- wait_concepts_in_Selenium.TypesOfWaits -->
