<?xml version="1.0" encoding="UTF-8"?>
<!-- Generated by org.testng.reporters.JUnitReportReporter -->
<testsuite hostname="SarthakDell" failures="0" tests="1" name="com.automation.ChromeOptions.Demo" time="16.215" errors="0" timestamp="2023-09-10T19:29:08 GMT-04:00" skipped="0">
  <testcase classname="com.automation.ChromeOptions.Demo" name="loginTest" time="16.215"/>
</testsuite> <!-- com.automation.ChromeOptions.Demo -->
