<?xml version="1.0" encoding="UTF-8"?>
<!-- Generated by org.testng.reporters.JUnitReportReporter -->
<testsuite hostname="SarthakDell" failures="0" tests="1" name="com.day13.TestNG_Assertions.Assert_TutorialsNinja_Login" time="8.067" errors="0" timestamp="2023-08-20T19:33:49 GMT-04:00" skipped="0">
  <testcase classname="com.day13.TestNG_Assertions.Assert_TutorialsNinja_Login" name="testFailAssertTNLogin" time="8.067"/>
</testsuite> <!-- com.day13.TestNG_Assertions.Assert_TutorialsNinja_Login -->
