<?xml version="1.0" encoding="UTF-8"?>
<!-- Generated by org.testng.reporters.JUnitReportReporter -->
<testsuite hostname="SarthakDell" failures="0" tests="2" name="com.day13.TestNG_MoreConcepts.LoginTest" time="0.004" errors="0" timestamp="2023-08-20T20:35:57 GMT-04:00" skipped="0">
  <testcase classname="com.day13.TestNG_MoreConcepts.LoginTest" name="Login1" time="0.001"/>
  <testcase classname="com.day13.TestNG_MoreConcepts.LoginTest" name="Login3" time="0.003"/>
</testsuite> <!-- com.day13.TestNG_MoreConcepts.LoginTest -->
