<?xml version="1.0" encoding="UTF-8"?>
<!-- Generated by org.testng.reporters.JUnitReportReporter -->
<testsuite hostname="SarthakDell" failures="0" tests="1" name="com.automation.datePickers_Calendars.Calendar_DatePicker1" time="7.282" errors="0" timestamp="2023-08-31T21:15:24 GMT-04:00" skipped="0">
  <testcase classname="com.automation.datePickers_Calendars.Calendar_DatePicker1" name="datePickerType1" time="7.282"/>
</testsuite> <!-- com.automation.datePickers_Calendars.Calendar_DatePicker1 -->
