<?xml version="1.0" encoding="UTF-8"?>
<!-- Generated by org.testng.reporters.JUnitReportReporter -->
<testsuite hostname="SarthakDell" failures="0" tests="1" name="com.day13.TestNG_MoreConcepts.SearchProductTest" time="0.001" errors="0" timestamp="2023-08-20T20:35:57 GMT-04:00" skipped="0">
  <testcase classname="com.day13.TestNG_MoreConcepts.SearchProductTest" name="searchProductTest1" time="0.001"/>
</testsuite> <!-- com.day13.TestNG_MoreConcepts.SearchProductTest -->
