<?xml version="1.0" encoding="UTF-8"?>
<!-- Generated by org.testng.reporters.JUnitReportReporter -->
<testsuite hostname="SarthakDell" failures="0" tests="1" name="com.automation.datePickers_Calendars.Calendar_DatePicker2" time="14.804" errors="0" timestamp="2023-08-31T21:35:51 GMT-04:00" skipped="0">
  <testcase classname="com.automation.datePickers_Calendars.Calendar_DatePicker2" name="datePickerType1" time="14.804"/>
</testsuite> <!-- com.automation.datePickers_Calendars.Calendar_DatePicker2 -->
